<?xml version="1.0" encoding="UTF-8"?>
<!-- Generated by org.testng.reporters.JUnitXMLReporter -->
<testsuite ignored="0" hostname="Abhirath_Laptop" failures="0" tests="2" name="Default test" time="22.909" errors="0" timestamp="2025-01-13T14:10:23 PST">
  <testcase classname="firstpackage.Project_First.Testcase1_SuuccessfulRegister" name="Testcase1_registerintoaccount" time="0.037">
    <skipped/>
  </testcase> <!-- Testcase1_registerintoaccount -->
  <testcase classname="firstpackage.Project_First.Testcase1_SuuccessfulRegister" name="Testcase1_registerintoaccount" time="8.906"/>
</testsuite> <!-- Default test -->
